Performing C++ SOURCE FILE Test COMPILER_SUPPORT_Wshorten64to32 failed with the following output:
Change Dir: /home/rhys/scripts/CircuitTesterTests/spice/cmake-build-debug/CMakeFiles/CMakeTmp

Run Build Command(s):/usr/bin/gmake cmTC_718a6/fast && /usr/bin/gmake  -f CMakeFiles/cmTC_718a6.dir/build.make CMakeFiles/cmTC_718a6.dir/build
gmake[1]: Entering directory '/mnt/files/scripts/CircuitTesterTests/spice/cmake-build-debug/CMakeFiles/CMakeTmp'
Building CXX object CMakeFiles/cmTC_718a6.dir/src.cxx.o
/usr/lib64/ccache/c++ -DCOMPILER_SUPPORT_Wshorten64to32  -std=c++03 -pedantic -Wall -Wextra -Wundef -Wcast-align -Wchar-subscripts -Wnon-virtual-dtor -Wunused-local-typedefs -Wpointer-arith -Wwrite-strings -Wformat-security -Werror   -Wshorten-64-to-32 -o CMakeFiles/cmTC_718a6.dir/src.cxx.o -c /home/rhys/scripts/CircuitTesterTests/spice/cmake-build-debug/CMakeFiles/CMakeTmp/src.cxx
c++: error: unrecognized command-line option '-Wshorten-64-to-32'
gmake[1]: *** [CMakeFiles/cmTC_718a6.dir/build.make:85: CMakeFiles/cmTC_718a6.dir/src.cxx.o] Error 1
gmake[1]: Leaving directory '/mnt/files/scripts/CircuitTesterTests/spice/cmake-build-debug/CMakeFiles/CMakeTmp'
gmake: *** [Makefile:140: cmTC_718a6/fast] Error 2


Source file was:
int main() { return 0; }
Performing C++ SOURCE FILE Test COMPILER_SUPPORT_Wcpp11extensions failed with the following output:
Change Dir: /home/rhys/scripts/CircuitTesterTests/spice/cmake-build-debug/CMakeFiles/CMakeTmp

Run Build Command(s):/usr/bin/gmake cmTC_50a29/fast && /usr/bin/gmake  -f CMakeFiles/cmTC_50a29.dir/build.make CMakeFiles/cmTC_50a29.dir/build
gmake[1]: Entering directory '/mnt/files/scripts/CircuitTesterTests/spice/cmake-build-debug/CMakeFiles/CMakeTmp'
Building CXX object CMakeFiles/cmTC_50a29.dir/src.cxx.o
/usr/lib64/ccache/c++ -DCOMPILER_SUPPORT_Wcpp11extensions  -std=c++03 -pedantic -Wall -Wextra -Wundef -Wcast-align -Wchar-subscripts -Wnon-virtual-dtor -Wunused-local-typedefs -Wpointer-arith -Wwrite-strings -Wformat-security -Wlogical-op -Wenum-conversion -Werror   -Wc++11-extensions -o CMakeFiles/cmTC_50a29.dir/src.cxx.o -c /home/rhys/scripts/CircuitTesterTests/spice/cmake-build-debug/CMakeFiles/CMakeTmp/src.cxx
c++: error: unrecognized command-line option '-Wc++11-extensions'; did you mean '-fms-extensions'?
gmake[1]: *** [CMakeFiles/cmTC_50a29.dir/build.make:85: CMakeFiles/cmTC_50a29.dir/src.cxx.o] Error 1
gmake[1]: Leaving directory '/mnt/files/scripts/CircuitTesterTests/spice/cmake-build-debug/CMakeFiles/CMakeTmp'
gmake: *** [Makefile:140: cmTC_50a29/fast] Error 2


Source file was:
int main() { return 0; }
Performing C++ SOURCE FILE Test COMPILER_SUPPORT_wd981 failed with the following output:
Change Dir: /home/rhys/scripts/CircuitTesterTests/spice/cmake-build-debug/CMakeFiles/CMakeTmp

Run Build Command(s):/usr/bin/gmake cmTC_71251/fast && /usr/bin/gmake  -f CMakeFiles/cmTC_71251.dir/build.make CMakeFiles/cmTC_71251.dir/build
gmake[1]: Entering directory '/mnt/files/scripts/CircuitTesterTests/spice/cmake-build-debug/CMakeFiles/CMakeTmp'
Building CXX object CMakeFiles/cmTC_71251.dir/src.cxx.o
/usr/lib64/ccache/c++ -DCOMPILER_SUPPORT_wd981  -std=c++03 -pedantic -Wall -Wextra -Wundef -Wcast-align -Wchar-subscripts -Wnon-virtual-dtor -Wunused-local-typedefs -Wpointer-arith -Wwrite-strings -Wformat-security -Wlogical-op -Wenum-conversion -Wdouble-promotion -Wno-psabi -Wno-variadic-macros -Wno-long-long -fno-check-new -fno-common -fstrict-aliasing -Werror   -wd981 -o CMakeFiles/cmTC_71251.dir/src.cxx.o -c /home/rhys/scripts/CircuitTesterTests/spice/cmake-build-debug/CMakeFiles/CMakeTmp/src.cxx
c++: error: unrecognized command-line option '-wd981'
gmake[1]: *** [CMakeFiles/cmTC_71251.dir/build.make:85: CMakeFiles/cmTC_71251.dir/src.cxx.o] Error 1
gmake[1]: Leaving directory '/mnt/files/scripts/CircuitTesterTests/spice/cmake-build-debug/CMakeFiles/CMakeTmp'
gmake: *** [Makefile:140: cmTC_71251/fast] Error 2


Source file was:
int main() { return 0; }
Performing C++ SOURCE FILE Test COMPILER_SUPPORT_wd2304 failed with the following output:
Change Dir: /home/rhys/scripts/CircuitTesterTests/spice/cmake-build-debug/CMakeFiles/CMakeTmp

Run Build Command(s):/usr/bin/gmake cmTC_b27f7/fast && /usr/bin/gmake  -f CMakeFiles/cmTC_b27f7.dir/build.make CMakeFiles/cmTC_b27f7.dir/build
gmake[1]: Entering directory '/mnt/files/scripts/CircuitTesterTests/spice/cmake-build-debug/CMakeFiles/CMakeTmp'
Building CXX object CMakeFiles/cmTC_b27f7.dir/src.cxx.o
/usr/lib64/ccache/c++ -DCOMPILER_SUPPORT_wd2304  -std=c++03 -pedantic -Wall -Wextra -Wundef -Wcast-align -Wchar-subscripts -Wnon-virtual-dtor -Wunused-local-typedefs -Wpointer-arith -Wwrite-strings -Wformat-security -Wlogical-op -Wenum-conversion -Wdouble-promotion -Wno-psabi -Wno-variadic-macros -Wno-long-long -fno-check-new -fno-common -fstrict-aliasing -Werror   -wd2304 -o CMakeFiles/cmTC_b27f7.dir/src.cxx.o -c /home/rhys/scripts/CircuitTesterTests/spice/cmake-build-debug/CMakeFiles/CMakeTmp/src.cxx
c++: error: unrecognized command-line option '-wd2304'
gmake[1]: *** [CMakeFiles/cmTC_b27f7.dir/build.make:85: CMakeFiles/cmTC_b27f7.dir/src.cxx.o] Error 1
gmake[1]: Leaving directory '/mnt/files/scripts/CircuitTesterTests/spice/cmake-build-debug/CMakeFiles/CMakeTmp'
gmake: *** [Makefile:140: cmTC_b27f7/fast] Error 2


Source file was:
int main() { return 0; }
Performing C++ SOURCE FILE Test COMPILER_SUPPORT_STRICTANSI failed with the following output:
Change Dir: /home/rhys/scripts/CircuitTesterTests/spice/cmake-build-debug/CMakeFiles/CMakeTmp

Run Build Command(s):/usr/bin/gmake cmTC_0202e/fast && /usr/bin/gmake  -f CMakeFiles/cmTC_0202e.dir/build.make CMakeFiles/cmTC_0202e.dir/build
gmake[1]: Entering directory '/mnt/files/scripts/CircuitTesterTests/spice/cmake-build-debug/CMakeFiles/CMakeTmp'
Building CXX object CMakeFiles/cmTC_0202e.dir/src.cxx.o
/usr/lib64/ccache/c++ -DCOMPILER_SUPPORT_STRICTANSI  -std=c++03 -pedantic -Wall -Wextra -Wundef -Wcast-align -Wchar-subscripts -Wnon-virtual-dtor -Wunused-local-typedefs -Wpointer-arith -Wwrite-strings -Wformat-security -Wlogical-op -Wenum-conversion -Wdouble-promotion -Wno-psabi -Wno-variadic-macros -Wno-long-long -fno-check-new -fno-common -fstrict-aliasing -Werror   -strict-ansi -o CMakeFiles/cmTC_0202e.dir/src.cxx.o -c /home/rhys/scripts/CircuitTesterTests/spice/cmake-build-debug/CMakeFiles/CMakeTmp/src.cxx
c++: error: unrecognized command-line option '-strict-ansi'; did you mean '-fstrict-enums'?
gmake[1]: *** [CMakeFiles/cmTC_0202e.dir/build.make:85: CMakeFiles/cmTC_0202e.dir/src.cxx.o] Error 1
gmake[1]: Leaving directory '/mnt/files/scripts/CircuitTesterTests/spice/cmake-build-debug/CMakeFiles/CMakeTmp'
gmake: *** [Makefile:140: cmTC_0202e/fast] Error 2


Source file was:
int main() { return 0; }
Performing C++ SOURCE FILE Test COMPILER_SUPPORT_Qunusedarguments failed with the following output:
Change Dir: /home/rhys/scripts/CircuitTesterTests/spice/cmake-build-debug/CMakeFiles/CMakeTmp

Run Build Command(s):/usr/bin/gmake cmTC_df28f/fast && /usr/bin/gmake  -f CMakeFiles/cmTC_df28f.dir/build.make CMakeFiles/cmTC_df28f.dir/build
gmake[1]: Entering directory '/mnt/files/scripts/CircuitTesterTests/spice/cmake-build-debug/CMakeFiles/CMakeTmp'
Building CXX object CMakeFiles/cmTC_df28f.dir/src.cxx.o
/usr/lib64/ccache/c++ -DCOMPILER_SUPPORT_Qunusedarguments  -std=c++03 -pedantic -Wall -Wextra -Wundef -Wcast-align -Wchar-subscripts -Wnon-virtual-dtor -Wunused-local-typedefs -Wpointer-arith -Wwrite-strings -Wformat-security -Wlogical-op -Wenum-conversion -Wdouble-promotion -Wno-psabi -Wno-variadic-macros -Wno-long-long -fno-check-new -fno-common -fstrict-aliasing -Werror   -Qunused-arguments -o CMakeFiles/cmTC_df28f.dir/src.cxx.o -c /home/rhys/scripts/CircuitTesterTests/spice/cmake-build-debug/CMakeFiles/CMakeTmp/src.cxx
c++: error: unrecognized command-line option '-Qunused-arguments'
gmake[1]: *** [CMakeFiles/cmTC_df28f.dir/build.make:85: CMakeFiles/cmTC_df28f.dir/src.cxx.o] Error 1
gmake[1]: Leaving directory '/mnt/files/scripts/CircuitTesterTests/spice/cmake-build-debug/CMakeFiles/CMakeTmp'
gmake: *** [Makefile:140: cmTC_df28f/fast] Error 2


Source file was:
int main() { return 0; }
Performing C SOURCE FILE Test CMAKE_HAVE_LIBC_PTHREAD failed with the following output:
Change Dir: /home/rhys/scripts/CircuitTesterTests/spice/cmake-build-debug/CMakeFiles/CMakeTmp

Run Build Command(s):/usr/bin/gmake cmTC_40b9c/fast && /usr/bin/gmake  -f CMakeFiles/cmTC_40b9c.dir/build.make CMakeFiles/cmTC_40b9c.dir/build
gmake[1]: Entering directory '/mnt/files/scripts/CircuitTesterTests/spice/cmake-build-debug/CMakeFiles/CMakeTmp'
Building C object CMakeFiles/cmTC_40b9c.dir/src.c.o
/usr/lib64/ccache/cc -DCMAKE_HAVE_LIBC_PTHREAD   -o CMakeFiles/cmTC_40b9c.dir/src.c.o -c /home/rhys/scripts/CircuitTesterTests/spice/cmake-build-debug/CMakeFiles/CMakeTmp/src.c
Linking C executable cmTC_40b9c
/home/rhys/.local/share/JetBrains/Toolbox/apps/CLion/ch-0/211.6693.114/bin/cmake/linux/bin/cmake -E cmake_link_script CMakeFiles/cmTC_40b9c.dir/link.txt --verbose=1
/usr/lib64/ccache/cc -rdynamic CMakeFiles/cmTC_40b9c.dir/src.c.o -o cmTC_40b9c 
/usr/bin/ld: CMakeFiles/cmTC_40b9c.dir/src.c.o: in function `main':
src.c:(.text+0x2d): undefined reference to `pthread_create'
/usr/bin/ld: src.c:(.text+0x39): undefined reference to `pthread_detach'
/usr/bin/ld: src.c:(.text+0x45): undefined reference to `pthread_cancel'
/usr/bin/ld: src.c:(.text+0x56): undefined reference to `pthread_join'
collect2: error: ld returned 1 exit status
gmake[1]: *** [CMakeFiles/cmTC_40b9c.dir/build.make:106: cmTC_40b9c] Error 1
gmake[1]: Leaving directory '/mnt/files/scripts/CircuitTesterTests/spice/cmake-build-debug/CMakeFiles/CMakeTmp'
gmake: *** [Makefile:140: cmTC_40b9c/fast] Error 2


Source file was:
#include <pthread.h>

static void* test_func(void* data)
{
  return data;
}

int main(void)
{
  pthread_t thread;
  pthread_create(&thread, NULL, test_func, NULL);
  pthread_detach(thread);
  pthread_cancel(thread);
  pthread_join(thread, NULL);
  pthread_atfork(NULL, NULL, NULL);
  pthread_exit(NULL);

  return 0;
}

Determining if the function pthread_create exists in the pthreads failed with the following output:
Change Dir: /home/rhys/scripts/CircuitTesterTests/spice/cmake-build-debug/CMakeFiles/CMakeTmp

Run Build Command(s):/usr/bin/gmake cmTC_629bf/fast && /usr/bin/gmake  -f CMakeFiles/cmTC_629bf.dir/build.make CMakeFiles/cmTC_629bf.dir/build
gmake[1]: Entering directory '/mnt/files/scripts/CircuitTesterTests/spice/cmake-build-debug/CMakeFiles/CMakeTmp'
Building C object CMakeFiles/cmTC_629bf.dir/CheckFunctionExists.c.o
/usr/lib64/ccache/cc   -DCHECK_FUNCTION_EXISTS=pthread_create -o CMakeFiles/cmTC_629bf.dir/CheckFunctionExists.c.o -c /home/rhys/.local/share/JetBrains/Toolbox/apps/CLion/ch-0/211.6693.114/bin/cmake/linux/share/cmake-3.19/Modules/CheckFunctionExists.c
Linking C executable cmTC_629bf
/home/rhys/.local/share/JetBrains/Toolbox/apps/CLion/ch-0/211.6693.114/bin/cmake/linux/bin/cmake -E cmake_link_script CMakeFiles/cmTC_629bf.dir/link.txt --verbose=1
/usr/lib64/ccache/cc  -DCHECK_FUNCTION_EXISTS=pthread_create -rdynamic CMakeFiles/cmTC_629bf.dir/CheckFunctionExists.c.o -o cmTC_629bf  -lpthreads 
/usr/bin/ld: cannot find -lpthreads
collect2: error: ld returned 1 exit status
gmake[1]: *** [CMakeFiles/cmTC_629bf.dir/build.make:106: cmTC_629bf] Error 1
gmake[1]: Leaving directory '/mnt/files/scripts/CircuitTesterTests/spice/cmake-build-debug/CMakeFiles/CMakeTmp'
gmake: *** [Makefile:140: cmTC_629bf/fast] Error 2



